<?xml version="1.0" encoding="UTF-8"?>
<testng-results skipped="0" failed="0" ignored="0" total="1" passed="1">
  <reporter-output>
  </reporter-output>
  <suite name="Default suite" duration-ms="20000" started-at="2021-03-09T21:52:54Z" finished-at="2021-03-09T21:53:14Z">
    <groups>
    </groups>
    <test name="Default test" duration-ms="20000" started-at="2021-03-09T21:52:54Z" finished-at="2021-03-09T21:53:14Z">
      <class name="testCases.LoginPageTest">
        <test-method status="PASS" signature="setUp()[pri:0, instance:testCases.LoginPageTest@5460cf3a]" name="setUp" is-config="true" duration-ms="5633" started-at="2021-03-09T21:52:54Z" finished-at="2021-03-09T21:52:59Z">
          <reporter-output>
          </reporter-output>
        </test-method> <!-- setUp -->
        <test-method status="PASS" signature="LoginTest()[pri:1, instance:testCases.LoginPageTest@5460cf3a]" name="LoginTest" duration-ms="9278" started-at="2021-03-09T21:52:59Z" finished-at="2021-03-09T21:53:09Z">
          <reporter-output>
          </reporter-output>
        </test-method> <!-- LoginTest -->
        <test-method status="PASS" signature="tearDown()[pri:0, instance:testCases.LoginPageTest@5460cf3a]" name="tearDown" is-config="true" duration-ms="5044" started-at="2021-03-09T21:53:09Z" finished-at="2021-03-09T21:53:14Z">
          <reporter-output>
          </reporter-output>
        </test-method> <!-- tearDown -->
      </class> <!-- testCases.LoginPageTest -->
    </test> <!-- Default test -->
  </suite> <!-- Default suite -->
</testng-results>
